Vin: Module filer.cfg is the same as previous version
Vin: Module btdefine.inc is the same as previous version
Vin: Module consts.inc is the same as previous version
Vin: Module ndefine.inc is the same as previous version
Vin: Module opdefine.inc is the same as previous version
Vin: Module initst.vpo is the same as previous version
Vin: Module kr2reg.vpo is the same as previous version
Vin: Module kr2robot.vpo is the same as previous version
Vin: Module kregistr.vpo is the same as previous version
Vin: Module kregtst.vpo is the same as previous version
Vin: Module kricon.vpo is the same as previous version
Vin: Module krini.vpo is the same as previous version
Vin: Module kryptonb.vpo is the same as previous version
Vin: Module kryptonc.vpo is the same as previous version
Vin: Module kryptond.vpo is the same as previous version
Vin: Module regtst.vpo is the same as previous version
Vin: Module vp.vpo is the same as previous version
Vin: Module kr2.ipf updated, version 1.9, 40 insertions, 2 deletions
Vin: Module dutch.msg is the same as previous version
Vin: Module english.msg is the same as previous version
Vin: Module hsilgne.msg is the same as previous version
Vin: Module language.msg is the same as previous version
Vin: Module nl_nl.msg is the same as previous version
Vin: Module polski.msg is the same as previous version
Vin: Module spanish.msg is the same as previous version
Vin: Module asctst.pas is the same as previous version
Vin: Module bftest.pas is the same as previous version
Vin: Module bxatest.pas is the same as previous version
Vin: Module cryptblw.pas is the same as previous version
Vin: Module drill.pas is the same as previous version
Vin: Module fontst.pas is the same as previous version
Vin: Module inimgr.pas is the same as previous version
Vin: Module initst.pas is the same as previous version
Vin: Module kr2reg.pas is the same as previous version
Vin: Module kr2robot.pas is the same as previous version
Vin: Module kr2tst.pas is the same as previous version
Vin: Module krbrowse.pas is the same as previous version
Vin: Module krcolor.pas is the same as previous version
Vin: Module krdb.pas is the same as previous version
Vin: Module kregistr.pas is the same as previous version
Vin: Module kregtst.pas is the same as previous version
Vin: Module kregutl.pas is the same as previous version
Vin: Module kricon.pas is the same as previous version
Vin: Module krini.pas is the same as previous version
Vin: Module krinibad.pas is the same as previous version
Vin: Module krtree.pas is the same as previous version
Vin: Module krypton.pas is the same as previous version
Vin: Module leastsq.pas is the same as previous version
Vin: Module main.pas is the same as previous version
Vin: Module main911.pas is the same as previous version
Vin: Module makerc.pas is the same as previous version
Vin: Module nocrypt.pas is the same as previous version
Vin: Module pbutil.pas is the same as previous version
Vin: Module register.pas is the same as previous version
Vin: Module regtest.pas is the same as previous version
Vin: Module regtst.pas is the same as previous version
Vin: Module rexcrypt.pas is the same as previous version
Vin: Module rexxtst.pas is the same as previous version
Vin: Module sockclnt.pas is the same as previous version
Vin: Module test.pas is the same as previous version
Vin: Module tmain.pas is the same as previous version
Vin: Module tmain911.pas is the same as previous version
Vin: Module usploof.pas is the same as previous version
Vin: Module vardec.pas is the same as previous version
Vin: Module vnlang.pas is the same as previous version
Vin: Module keyring2.rc is the same as previous version
Vin: Module kr2.rc is the same as previous version
Vin: Module kregistr.rc updated, version 1.7, 399 insertions, 399 deletions
Vin: Module kricon.rc is the same as previous version
Vin: Module printtst.rc is the same as previous version
Vin: Module about.vrx is the same as previous version
Vin: Module colord.vrx is the same as previous version
Vin: Module delrec.vrx is the same as previous version
Vin: Module editrec.vrx is the same as previous version
Vin: Module expired.vrx is the same as previous version
Vin: Module iconsel.vrx is the same as previous version
Vin: Module iconsel1.vrx is the same as previous version
Vin: Module junk.vrx is the same as previous version
Vin: Module login.vrx is the same as previous version
Vin: Module main.vrx is the same as previous version
Vin: Module maingood.vrx is the same as previous version
Vin: Module nagger.vrx is the same as previous version
Vin: Module newpw.vrx is the same as previous version
Vin: Module pixtest.vrx is the same as previous version
Vin: Module printtst.vrx is the same as previous version
Vin: Module pwxopen.vrx is the same as previous version
Vin: Module recclip.vrx is the same as previous version
Vin: Module rectest.vrx is the same as previous version
Vin: Module revtest.vrx is the same as previous version
Vin: Module setup1.vrx is the same as previous version
Vin: Module setupwin.vrx is the same as previous version
Vin: Module shared.vrx is the same as previous version
Vin: Module test.vrx is the same as previous version
Vin: Module window1.vrx is the same as previous version
Vin: Module working.vrx is the same as previous version
Vin: Module about.vry is the same as previous version
Vin: Module colord.vry is the same as previous version
Vin: Module delrec.vry is the same as previous version
Vin: Module editrec.vry is the same as previous version
Vin: Module expired.vry is the same as previous version
Vin: Module iconsel.vry is the same as previous version
Vin: Module junk.vry is the same as previous version
Vin: Module login.vry is the same as previous version
Vin: Module main.vry is the same as previous version
Vin: Module main1.vry is the same as previous version
Vin: Module nagger.vry is the same as previous version
Vin: Module newitem.vry is the same as previous version
Vin: Module newpw.vry is the same as previous version
Vin: Module pixtest.vry is the same as previous version
Vin: Module printtst.vry is the same as previous version
Vin: Module pwxopen.vry is the same as previous version
Vin: Module recclip.vry is the same as previous version
Vin: Module rectest.vry is the same as previous version
Vin: Module revtest.vry is the same as previous version
Vin: Module setup1.vry is the same as previous version
Vin: Module setupwin.vry is the same as previous version
Vin: Module sizetst.vry is the same as previous version
Vin: Module test.vry is the same as previous version
Vin: Module timetst.vry is the same as previous version
Vin: Module window1.vry is the same as previous version
Vin: Module working.vry is the same as previous version
