**********

E:\FI\DEMOS\TRAFFIC.EXE
Exe date: 31 Jan 1997 15:59:28
Cmdline: /N /B3 
Error Date: 01-31-1997 16:00:39
L2: 0000:13F3
MEM: 407232 : 407232
PrgRel: ~release~

**********

E:\FI\DEMOS\TRAFFIC.EXE
Exe date: 31 Jan 1997 16:02:20
Cmdline: /N /B3 
Error Date: 01-31-1997 16:02:42
L2: 0000:13F3
MEM: 390976 : 390976
PrgRel: ~release~

**********

C:\FI\DEMOS\TRAFFIC.EXE
Exe date: 09 Feb 1997 15:46:48
Cmdline: /N /B3 
Error Date: 02-09-1997 15:47:15
L2: 0000:15B2
MEM: 322160 : 322160
PrgRel: ~release~

**********

C:\FI\DEMOS\TRAFFIC.EXE
Exe date: 09 Feb 1997 15:46:48
Cmdline: /N /B3 
Error Date: 02-09-1997 15:48:05
L2: 0000:15B2
MEM: 322160 : 322160
PrgRel: ~release~

